[18:11:33] [Server thread/INFO]: Starting minecraft server version 1.8.8
[18:11:33] [Server thread/INFO]: Loading properties
[18:11:33] [Server thread/INFO]: Default game type: SURVIVAL
[18:11:33] [Server thread/INFO]: This server is running CraftBukkit version git-Spigot-db6de12-18fbb24 (MC: 1.8.8) (Implementing API version 1.8.8-R0.1-SNAPSHOT)
[18:11:33] [Server thread/INFO]: Debug logging is disabled
[18:11:33] [Server thread/INFO]: Server Ping Player Sample Count: 12

[18:11:33] [Server thread/INFO]: Using 4 threads for Netty based IO
[18:11:33] [Server thread/INFO]: Generating keypair
[18:11:34] [Server thread/INFO]: Starting Minecraft server on *:25565
[18:11:34] [Server thread/INFO]: Using default channel type
[18:11:34] [Server thread/INFO]: Your platform does not provide complete low-level API for accessing direct buffers reliably. Unless explicitly requested, heap buffer will always be preferred to avoid potential system unstability.
[18:11:34] [Server thread/INFO]: **** Beginning UUID conversion, this may take A LONG time ****
[18:11:34] [Server thread/INFO]: Preparing level "world"
[18:11:34] [Server thread/INFO]: -------- World Settings For [world] --------
[18:11:35] [Server thread/INFO]: Item Merge Radius: 2.5
[18:11:35] [Server thread/INFO]: Item Despawn Rate: 6000
[18:11:35] [Server thread/INFO]: Allow Zombie Pigmen to spawn from portal blocks: true
[18:11:35] [Server thread/INFO]: Arrow Despawn Rate: 1200
[18:11:35] [Server thread/INFO]: View Distance: 10
[18:11:35] [Server thread/INFO]: Nerfing mobs spawned from spawners: false
[18:11:35] [Server thread/INFO]: Mob Spawn Range: 4
[18:11:35] [Server thread/INFO]: Anti X-Ray: true
[18:11:35] [Server thread/INFO]: 	Engine Mode: 1
[18:11:35] [Server thread/INFO]: 	Hidden Blocks: [14, 15, 16, 21, 48, 49, 54, 56, 73, 74, 82, 129, 130]
[18:11:35] [Server thread/INFO]: 	Replace Blocks: [1, 5]
[18:11:35] [Server thread/INFO]: Cactus Growth Modifier: 100%
[18:11:35] [Server thread/INFO]: Cane Growth Modifier: 100%
[18:11:35] [Server thread/INFO]: Melon Growth Modifier: 100%
[18:11:35] [Server thread/INFO]: Mushroom Growth Modifier: 100%
[18:11:35] [Server thread/INFO]: Pumpkin Growth Modifier: 100%
[18:11:35] [Server thread/INFO]: Sapling Growth Modifier: 100%
[18:11:35] [Server thread/INFO]: Wheat Growth Modifier: 100%
[18:11:35] [Server thread/INFO]: NetherWart Growth Modifier: 100%
[18:11:35] [Server thread/INFO]: Entity Activation Range: An 32 / Mo 32 / Mi 16
[18:11:35] [Server thread/INFO]: Hopper Transfer: 8 Hopper Check: 8 Hopper Amount: 1
[18:11:35] [Server thread/INFO]: Random Lighting Updates: false
[18:11:35] [Server thread/INFO]: Structure Info Saving: true
[18:11:35] [Server thread/INFO]: Entity Tracking Range: Pl 48 / An 48 / Mo 48 / Mi 32 / Other 64
[18:11:35] [Server thread/INFO]: Max TNT Explosions: 100
[18:11:35] [Server thread/INFO]: Custom Map Seeds:  Village: 10387312 Feature: 14357617
[18:11:35] [Server thread/INFO]: Sending up to 10 chunks per packet
[18:11:35] [Server thread/INFO]: Max Entity Collisions: 8
[18:11:35] [Server thread/INFO]: Tile Max Tick Time: 50ms Entity max Tick Time: 50ms
[18:11:35] [Server thread/INFO]: Zombie Aggressive Towards Villager: true
[18:11:35] [Server thread/INFO]: Chunks to Grow per Tick: 650
[18:11:35] [Server thread/INFO]: Clear tick list: false
[18:11:35] [Server thread/INFO]: Experience Merge Radius: 3.0
[18:11:35] [Server thread/INFO]: -------- World Settings For [world_nether] --------
[18:11:35] [Server thread/INFO]: Item Merge Radius: 2.5
[18:11:35] [Server thread/INFO]: Item Despawn Rate: 6000
[18:11:35] [Server thread/INFO]: Allow Zombie Pigmen to spawn from portal blocks: true
[18:11:35] [Server thread/INFO]: Arrow Despawn Rate: 1200
[18:11:35] [Server thread/INFO]: View Distance: 10
[18:11:35] [Server thread/INFO]: Nerfing mobs spawned from spawners: false
[18:11:35] [Server thread/INFO]: Mob Spawn Range: 4
[18:11:35] [Server thread/INFO]: Anti X-Ray: true
[18:11:35] [Server thread/INFO]: 	Engine Mode: 1
[18:11:35] [Server thread/INFO]: 	Hidden Blocks: [14, 15, 16, 21, 48, 49, 54, 56, 73, 74, 82, 129, 130]
[18:11:35] [Server thread/INFO]: 	Replace Blocks: [1, 5]
[18:11:35] [Server thread/INFO]: Cactus Growth Modifier: 100%
[18:11:35] [Server thread/INFO]: Cane Growth Modifier: 100%
[18:11:35] [Server thread/INFO]: Melon Growth Modifier: 100%
[18:11:35] [Server thread/INFO]: Mushroom Growth Modifier: 100%
[18:11:35] [Server thread/INFO]: Pumpkin Growth Modifier: 100%
[18:11:35] [Server thread/INFO]: Sapling Growth Modifier: 100%
[18:11:35] [Server thread/INFO]: Wheat Growth Modifier: 100%
[18:11:35] [Server thread/INFO]: NetherWart Growth Modifier: 100%
[18:11:35] [Server thread/INFO]: Entity Activation Range: An 32 / Mo 32 / Mi 16
[18:11:35] [Server thread/INFO]: Hopper Transfer: 8 Hopper Check: 8 Hopper Amount: 1
[18:11:35] [Server thread/INFO]: Random Lighting Updates: false
[18:11:35] [Server thread/INFO]: Structure Info Saving: true
[18:11:35] [Server thread/INFO]: Entity Tracking Range: Pl 48 / An 48 / Mo 48 / Mi 32 / Other 64
[18:11:35] [Server thread/INFO]: Max TNT Explosions: 100
[18:11:35] [Server thread/INFO]: Custom Map Seeds:  Village: 10387312 Feature: 14357617
[18:11:35] [Server thread/INFO]: Sending up to 10 chunks per packet
[18:11:35] [Server thread/INFO]: Max Entity Collisions: 8
[18:11:35] [Server thread/INFO]: Tile Max Tick Time: 50ms Entity max Tick Time: 50ms
[18:11:35] [Server thread/INFO]: Zombie Aggressive Towards Villager: true
[18:11:35] [Server thread/INFO]: Chunks to Grow per Tick: 650
[18:11:35] [Server thread/INFO]: Clear tick list: false
[18:11:35] [Server thread/INFO]: Experience Merge Radius: 3.0
[18:11:35] [Server thread/INFO]: -------- World Settings For [world_the_end] --------
[18:11:35] [Server thread/INFO]: Item Merge Radius: 2.5
[18:11:35] [Server thread/INFO]: Item Despawn Rate: 6000
[18:11:35] [Server thread/INFO]: Allow Zombie Pigmen to spawn from portal blocks: true
[18:11:35] [Server thread/INFO]: Arrow Despawn Rate: 1200
[18:11:35] [Server thread/INFO]: View Distance: 10
[18:11:35] [Server thread/INFO]: Nerfing mobs spawned from spawners: false
[18:11:35] [Server thread/INFO]: Mob Spawn Range: 4
[18:11:35] [Server thread/INFO]: Anti X-Ray: true
[18:11:35] [Server thread/INFO]: 	Engine Mode: 1
[18:11:35] [Server thread/INFO]: 	Hidden Blocks: [14, 15, 16, 21, 48, 49, 54, 56, 73, 74, 82, 129, 130]
[18:11:35] [Server thread/INFO]: 	Replace Blocks: [1, 5]
[18:11:35] [Server thread/INFO]: Cactus Growth Modifier: 100%
[18:11:35] [Server thread/INFO]: Cane Growth Modifier: 100%
[18:11:35] [Server thread/INFO]: Melon Growth Modifier: 100%
[18:11:35] [Server thread/INFO]: Mushroom Growth Modifier: 100%
[18:11:35] [Server thread/INFO]: Pumpkin Growth Modifier: 100%
[18:11:35] [Server thread/INFO]: Sapling Growth Modifier: 100%
[18:11:35] [Server thread/INFO]: Wheat Growth Modifier: 100%
[18:11:35] [Server thread/INFO]: NetherWart Growth Modifier: 100%
[18:11:35] [Server thread/INFO]: Entity Activation Range: An 32 / Mo 32 / Mi 16
[18:11:35] [Server thread/INFO]: Hopper Transfer: 8 Hopper Check: 8 Hopper Amount: 1
[18:11:35] [Server thread/INFO]: Random Lighting Updates: false
[18:11:35] [Server thread/INFO]: Structure Info Saving: true
[18:11:35] [Server thread/INFO]: Entity Tracking Range: Pl 48 / An 48 / Mo 48 / Mi 32 / Other 64
[18:11:35] [Server thread/INFO]: Max TNT Explosions: 100
[18:11:35] [Server thread/INFO]: Custom Map Seeds:  Village: 10387312 Feature: 14357617
[18:11:35] [Server thread/INFO]: Sending up to 10 chunks per packet
[18:11:35] [Server thread/INFO]: Max Entity Collisions: 8
[18:11:35] [Server thread/INFO]: Tile Max Tick Time: 50ms Entity max Tick Time: 50ms
[18:11:35] [Server thread/INFO]: Zombie Aggressive Towards Villager: true
[18:11:35] [Server thread/INFO]: Chunks to Grow per Tick: 650
[18:11:35] [Server thread/INFO]: Clear tick list: false
[18:11:35] [Server thread/INFO]: Experience Merge Radius: 3.0
[18:11:35] [Server thread/INFO]: Preparing start region for level 0 (Seed: 1908554406026465293)
[18:11:36] [Server thread/INFO]: Preparing spawn area: 20%
[18:11:37] [Server thread/INFO]: Preparing spawn area: 78%
[18:11:37] [Server thread/INFO]: Preparing start region for level 1 (Seed: 1908554406026465293)
[18:11:38] [Server thread/INFO]: Preparing spawn area: 21%
[18:11:39] [Server thread/INFO]: Preparing spawn area: 88%
[18:11:39] [Server thread/INFO]: Preparing start region for level 2 (Seed: 1908554406026465293)
[18:11:40] [Server thread/INFO]: Server permissions file permissions.yml is empty, ignoring it
[18:11:40] [Server thread/INFO]: Done (5.652s)! For help, type "help" or "?"
[18:12:57] [Server thread/INFO]: Starting minecraft server version 1.8.8
[18:12:58] [Server thread/INFO]: Loading properties
[18:12:58] [Server thread/INFO]: Default game type: SURVIVAL
[18:12:59] [Server thread/INFO]: This server is running CraftBukkit version git-Spigot-db6de12-18fbb24 (MC: 1.8.8) (Implementing API version 1.8.8-R0.1-SNAPSHOT)
[18:13:00] [Server thread/INFO]: Debug logging is disabled
[18:13:00] [Server thread/INFO]: Server Ping Player Sample Count: 12

[18:13:00] [Server thread/INFO]: Using 4 threads for Netty based IO
[18:13:00] [Server thread/INFO]: Generating keypair
[18:13:00] [Server thread/INFO]: Starting Minecraft server on *:25565
[18:13:00] [Server thread/INFO]: Using default channel type
[18:13:00] [Server thread/INFO]: Your platform does not provide complete low-level API for accessing direct buffers reliably. Unless explicitly requested, heap buffer will always be preferred to avoid potential system unstability.
[18:13:01] [Server thread/WARN]: **** FAILED TO BIND TO PORT!
[18:13:01] [Server thread/WARN]: The exception was: java.net.BindException: Address already in use: bind
[18:13:01] [Server thread/WARN]: Perhaps a server is already running on that port?
[18:13:01] [Server thread/INFO]: Stopping server
[18:13:01] [Server thread/INFO]: Saving players
